<?xml version="1.0" encoding="UTF-8"?>
<testsuite xmlns:xsi="http://www.w3.org/2001/XMLSchema-instance" xsi:noNamespaceSchemaLocation="https://maven.apache.org/surefire/maven-surefire-plugin/xsd/surefire-test-report-3.0.xsd" version="3.0" name="com.spring.batch.demo.springDemo.SpringDemoApplicationTests" time="4.876" tests="1" errors="0" skipped="0" failures="0">
  <properties>
[...]
</properties>
  <testcase name="contextLoads" classname="com.spring.batch.demo.springDemo.SpringDemoApplicationTests" time="1.684">
    <system-out><![CDATA[13:13:07.403 [main] INFO org.springframework.test.context.support.AnnotationConfigContextLoaderUtils -- Could not detect default configuration classes for test class [com.spring.batch.demo.springDemo.SpringDemoApplicationTests]: SpringDemoApplicationTests does not declare any static, non-private, non-final, nested classes annotated with @Configuration.
13:13:07.518 [main] INFO org.springframework.boot.test.context.SpringBootTestContextBootstrapper -- Found @SpringBootConfiguration com.spring.batch.demo.springDemo.SpringDemoApplication for test class com.spring.batch.demo.springDemo.SpringDemoApplicationTests
13:13:07.735 [main] INFO org.springframework.boot.devtools.restart.RestartApplicationListener -- Restart disabled due to context in which it is running

  .   ____          _            __ _ _
 /\\ / ___'_ __ _ _(_)_ __  __ _ \ \ \ \
( ( )\___ | '_ | '_| | '_ \/ _` | \ \ \ \
 \\/  ___)| |_)| | | | | || (_| |  ) ) ) )
  '  |____| .__|_| |_|_| |_\__, | / / / /
 =========|_|==============|___/=/_/_/_/
 :: Spring Boot ::                (v3.2.9)

2024-09-20T13:13:08.065+05:30  INFO 23432 --- [springDemo] [           main] c.s.b.d.s.SpringDemoApplicationTests     : Starting SpringDemoApplicationTests using Java 17.0.12 with PID 23432 (started by 327011 in C:\Users\327011\Desktop\SpringBatch\springDemo\springDemo)
2024-09-20T13:13:08.065+05:30  INFO 23432 --- [springDemo] [           main] c.s.b.d.s.SpringDemoApplicationTests     : No active profile set, falling back to 1 default profile: "default"
2024-09-20T13:13:08.602+05:30  INFO 23432 --- [springDemo] [           main] o.s.b.c.c.annotation.BatchRegistrar      : Finished Spring Batch infrastructure beans configuration in 5 ms.
2024-09-20T13:13:09.137+05:30  WARN 23432 --- [springDemo] [           main] trationDelegate$BeanPostProcessorChecker : Bean 'jobRegistry' of type [org.springframework.batch.core.configuration.support.MapJobRegistry] is not eligible for getting processed by all BeanPostProcessors (for example: not eligible for auto-proxying). Is this bean getting eagerly injected into a currently created BeanPostProcessor [jobRegistryBeanPostProcessor]? Check the corresponding BeanPostProcessor declaration and its dependencies.
2024-09-20T13:13:09.373+05:30  INFO 23432 --- [springDemo] [           main] com.zaxxer.hikari.HikariDataSource       : HikariPool-1 - Starting...
2024-09-20T13:13:09.595+05:30  INFO 23432 --- [springDemo] [           main] com.zaxxer.hikari.pool.HikariPool        : HikariPool-1 - Added connection conn0: url=jdbc:h2:mem:1399ee38-9323-48fe-acda-636b3eabe71d user=SA
2024-09-20T13:13:09.595+05:30  INFO 23432 --- [springDemo] [           main] com.zaxxer.hikari.HikariDataSource       : HikariPool-1 - Start completed.
2024-09-20T13:13:09.595+05:30  INFO 23432 --- [springDemo] [           main] o.s.b.c.r.s.JobRepositoryFactoryBean     : No database type set, using meta data indicating: H2
First step
2024-09-20T13:13:09.689+05:30  INFO 23432 --- [springDemo] [           main] .c.a.BatchObservabilityBeanPostProcessor : No Micrometer observation registry found, defaulting to ObservationRegistry.NOOP
2024-09-20T13:13:09.705+05:30  INFO 23432 --- [springDemo] [           main] .c.a.BatchObservabilityBeanPostProcessor : No Micrometer observation registry found, defaulting to ObservationRegistry.NOOP
inside item reader...
1
Inside Processor...
2024-09-20T13:13:09.705+05:30  INFO 23432 --- [springDemo] [           main] o.s.b.c.l.support.SimpleJobLauncher      : No TaskExecutor has been set, defaulting to synchronous executor.
2024-09-20T13:13:10.339+05:30  INFO 23432 --- [springDemo] [           main] c.s.b.d.s.SpringDemoApplicationTests     : Started SpringDemoApplicationTests in 2.62 seconds (process running for 3.786)
]]></system-out>
  </testcase>
</testsuite>